[1/9] Building C object esp-idf/main/CMakeFiles/__idf_main.dir/MBTesting.c.obj
FAILED: esp-idf/main/CMakeFiles/__idf_main.dir/MBTesting.c.obj 
/Users/fath25/.espressif/tools/riscv32-esp-elf/esp-2022r1-11.2.0/riscv32-esp-elf/bin/riscv32-esp-elf-gcc -DMBEDTLS_CONFIG_FILE=\"mbedtls/esp_config.h\" -DUNITY_INCLUDE_CONFIG_H -I/Users/fath25/Documents/Polyscale/MBTesting/build/config -I/Users/fath25/Documents/Polyscale/MBTesting/main -I/Users/fath25/esp/esp-idf/components/newlib/platform_include -I/Users/fath25/esp/esp-idf/components/freertos/FreeRTOS-Kernel/include -I/Users/fath25/esp/esp-idf/components/freertos/esp_additions/include/freertos -I/Users/fath25/esp/esp-idf/components/freertos/FreeRTOS-Kernel/portable/riscv/include -I/Users/fath25/esp/esp-idf/components/freertos/esp_additions/include -I/Users/fath25/esp/esp-idf/components/esp_hw_support/include -I/Users/fath25/esp/esp-idf/components/esp_hw_support/include/soc -I/Users/fath25/esp/esp-idf/components/esp_hw_support/include/soc/esp32c3 -I/Users/fath25/esp/esp-idf/components/esp_hw_support/port/esp32c3/. -I/Users/fath25/esp/esp-idf/components/esp_hw_support/port/esp32c3/private_include -I/Users/fath25/esp/esp-idf/components/heap/include -I/Users/fath25/esp/esp-idf/components/log/include -I/Users/fath25/esp/esp-idf/components/soc/include -I/Users/fath25/esp/esp-idf/components/soc/esp32c3/. -I/Users/fath25/esp/esp-idf/components/soc/esp32c3/include -I/Users/fath25/esp/esp-idf/components/hal/esp32c3/include -I/Users/fath25/esp/esp-idf/components/hal/include -I/Users/fath25/esp/esp-idf/components/hal/platform_port/include -I/Users/fath25/esp/esp-idf/components/esp_rom/include -I/Users/fath25/esp/esp-idf/components/esp_rom/include/esp32c3 -I/Users/fath25/esp/esp-idf/components/esp_rom/esp32c3 -I/Users/fath25/esp/esp-idf/components/esp_common/include -I/Users/fath25/esp/esp-idf/components/esp_system/include -I/Users/fath25/esp/esp-idf/components/esp_system/port/soc -I/Users/fath25/esp/esp-idf/components/esp_system/port/include/riscv -I/Users/fath25/esp/esp-idf/components/esp_system/port/include/private -I/Users/fath25/esp/esp-idf/components/riscv/include -I/Users/fath25/esp/esp-idf/components/lwip/include -I/Users/fath25/esp/esp-idf/components/lwip/include/apps -I/Users/fath25/esp/esp-idf/components/lwip/include/apps/sntp -I/Users/fath25/esp/esp-idf/components/lwip/lwip/src/include -I/Users/fath25/esp/esp-idf/components/lwip/port/esp32/include -I/Users/fath25/esp/esp-idf/components/lwip/port/esp32/include/arch -I/Users/fath25/Documents/Polyscale/MBTesting/managed_components/espressif__led_strip/include -I/Users/fath25/Documents/Polyscale/MBTesting/managed_components/espressif__led_strip/interface -I/Users/fath25/esp/esp-idf/components/esp_ringbuf/include -I/Users/fath25/esp/esp-idf/components/efuse/include -I/Users/fath25/esp/esp-idf/components/efuse/esp32c3/include -I/Users/fath25/esp/esp-idf/components/driver/include -I/Users/fath25/esp/esp-idf/components/driver/deprecated -I/Users/fath25/esp/esp-idf/components/esp_pm/include -I/Users/fath25/esp/esp-idf/components/mbedtls/port/include -I/Users/fath25/esp/esp-idf/components/mbedtls/mbedtls/include -I/Users/fath25/esp/esp-idf/components/mbedtls/mbedtls/library -I/Users/fath25/esp/esp-idf/components/mbedtls/esp_crt_bundle/include -I/Users/fath25/esp/esp-idf/components/esp_app_format/include -I/Users/fath25/esp/esp-idf/components/bootloader_support/include -I/Users/fath25/esp/esp-idf/components/bootloader_support/bootloader_flash/include -I/Users/fath25/esp/esp-idf/components/app_update/include -I/Users/fath25/esp/esp-idf/components/spi_flash/include -I/Users/fath25/esp/esp-idf/components/pthread/include -I/Users/fath25/esp/esp-idf/components/esp_timer/include -I/Users/fath25/esp/esp-idf/components/app_trace/include -I/Users/fath25/esp/esp-idf/components/esp_event/include -I/Users/fath25/esp/esp-idf/components/nvs_flash/include -I/Users/fath25/esp/esp-idf/components/esp_phy/include -I/Users/fath25/esp/esp-idf/components/esp_phy/esp32c3/include -I/Users/fath25/esp/esp-idf/components/vfs/include -I/Users/fath25/esp/esp-idf/components/esp_netif/include -I/Users/fath25/esp/esp-idf/components/wpa_supplicant/include -I/Users/fath25/esp/esp-idf/components/wpa_supplicant/port/include -I/Users/fath25/esp/esp-idf/components/wpa_supplicant/esp_supplicant/include -I/Users/fath25/esp/esp-idf/components/esp_wifi/include -I/Users/fath25/esp/esp-idf/components/bt/include/esp32c3/include -I/Users/fath25/esp/esp-idf/components/bt/common/osi/include -I/Users/fath25/esp/esp-idf/components/bt/common/api/include/api -I/Users/fath25/esp/esp-idf/components/bt/common/btc/profile/esp/blufi/include -I/Users/fath25/esp/esp-idf/components/bt/common/btc/profile/esp/include -I/Users/fath25/esp/esp-idf/components/bt/host/bluedroid/api/include/api -I/Users/fath25/esp/esp-idf/components/bt/esp_ble_mesh/mesh_common/include -I/Users/fath25/esp/esp-idf/components/bt/esp_ble_mesh/mesh_common/tinycrypt/include -I/Users/fath25/esp/esp-idf/components/bt/esp_ble_mesh/mesh_core -I/Users/fath25/esp/esp-idf/components/bt/esp_ble_mesh/mesh_core/include -I/Users/fath25/esp/esp-idf/components/bt/esp_ble_mesh/mesh_core/storage -I/Users/fath25/esp/esp-idf/components/bt/esp_ble_mesh/btc/include -I/Users/fath25/esp/esp-idf/components/bt/esp_ble_mesh/mesh_models/common/include -I/Users/fath25/esp/esp-idf/components/bt/esp_ble_mesh/mesh_models/client/include -I/Users/fath25/esp/esp-idf/components/bt/esp_ble_mesh/mesh_models/server/include -I/Users/fath25/esp/esp-idf/components/bt/esp_ble_mesh/api/core/include -I/Users/fath25/esp/esp-idf/components/bt/esp_ble_mesh/api/models/include -I/Users/fath25/esp/esp-idf/components/bt/esp_ble_mesh/api -I/Users/fath25/esp/esp-idf/components/bt/porting/ext/tinycrypt/include -I/Users/fath25/esp/esp-idf/components/unity/include -I/Users/fath25/esp/esp-idf/components/unity/unity/src -I/Users/fath25/esp/esp-idf/components/cmock/CMock/src -I/Users/fath25/esp/esp-idf/components/console -I/Users/fath25/esp/esp-idf/components/http_parser -I/Users/fath25/esp/esp-idf/components/esp-tls -I/Users/fath25/esp/esp-idf/components/esp-tls/esp-tls-crypto -I/Users/fath25/esp/esp-idf/components/esp_adc/include -I/Users/fath25/esp/esp-idf/components/esp_adc/interface -I/Users/fath25/esp/esp-idf/components/esp_adc/esp32c3/include -I/Users/fath25/esp/esp-idf/components/esp_adc/deprecated/include -I/Users/fath25/esp/esp-idf/components/esp_eth/include -I/Users/fath25/esp/esp-idf/components/esp_gdbstub/include -I/Users/fath25/esp/esp-idf/components/esp_gdbstub/riscv -I/Users/fath25/esp/esp-idf/components/esp_gdbstub/esp32c3 -I/Users/fath25/esp/esp-idf/components/esp_hid/include -I/Users/fath25/esp/esp-idf/components/tcp_transport/include -I/Users/fath25/esp/esp-idf/components/esp_http_client/include -I/Users/fath25/esp/esp-idf/components/esp_http_server/include -I/Users/fath25/esp/esp-idf/components/esp_https_ota/include -I/Users/fath25/esp/esp-idf/components/esp_https_server/include -I/Users/fath25/esp/esp-idf/components/esp_lcd/include -I/Users/fath25/esp/esp-idf/components/esp_lcd/interface -I/Users/fath25/esp/esp-idf/components/protobuf-c/protobuf-c -I/Users/fath25/esp/esp-idf/components/protocomm/include/common -I/Users/fath25/esp/esp-idf/components/protocomm/include/security -I/Users/fath25/esp/esp-idf/components/protocomm/include/transports -I/Users/fath25/esp/esp-idf/components/esp_local_ctrl/include -I/Users/fath25/esp/esp-idf/components/esp_psram/include -I/Users/fath25/esp/esp-idf/components/sdmmc/include -I/Users/fath25/esp/esp-idf/components/esp_serial_slave_link/include -I/Users/fath25/esp/esp-idf/components/espcoredump/include -I/Users/fath25/esp/esp-idf/components/espcoredump/include/port/riscv -I/Users/fath25/esp/esp-idf/components/wear_levelling/include -I/Users/fath25/esp/esp-idf/components/fatfs/diskio -I/Users/fath25/esp/esp-idf/components/fatfs/vfs -I/Users/fath25/esp/esp-idf/components/fatfs/src -I/Users/fath25/esp/esp-idf/components/idf_test/include -I/Users/fath25/esp/esp-idf/components/idf_test/include/esp32c3 -I/Users/fath25/esp/esp-idf/components/ieee802154/include -I/Users/fath25/esp/esp-idf/components/json/cJSON -I/Users/fath25/esp/esp-idf/components/mqtt/esp-mqtt/include -I/Users/fath25/esp/esp-idf/components/spiffs/include -I/Users/fath25/esp/esp-idf/components/wifi_provisioning/include -march=rv32imc  -fdiagnostics-color=always -ffunction-sections -fdata-sections -Wall -Werror=all -Wno-error=unused-function -Wno-error=unused-variable -Wno-error=deprecated-declarations -Wextra -Wno-unused-parameter -Wno-sign-compare -Wno-enum-conversion -gdwarf-4 -ggdb -nostartfiles -Og -fmacro-prefix-map=/Users/fath25/Documents/Polyscale/MBTesting=. -fmacro-prefix-map=/Users/fath25/esp/esp-idf=/IDF -fstrict-volatile-bitfields -Wno-error=unused-but-set-variable -fno-jump-tables -fno-tree-switch-conversion -DconfigENABLE_FREERTOS_DEBUG_OCDAWARE=1 -std=gnu17 -Wno-old-style-declaration -D_GNU_SOURCE -DIDF_VER=\"v5.0-beta1-641-gc321739074\" -DESP_PLATFORM -D_POSIX_READER_WRITER_LOCKS -MD -MT esp-idf/main/CMakeFiles/__idf_main.dir/MBTesting.c.obj -MF esp-idf/main/CMakeFiles/__idf_main.dir/MBTesting.c.obj.d -o esp-idf/main/CMakeFiles/__idf_main.dir/MBTesting.c.obj -c /Users/fath25/Documents/Polyscale/MBTesting/main/MBTesting.c
/Users/fath25/Documents/Polyscale/MBTesting/main/MBTesting.c:36:14: error: unknown type name 'lcd_init_cmd_t'
   36 | static const lcd_init_cmd_t lcd_init_cmds [] = {
      |              ^~~~~~~~~~~~~~
/Users/fath25/Documents/Polyscale/MBTesting/main/MBTesting.c:37:17: warning: braces around scalar initializer
   37 |                 {0x01, {0}, 0},
      |                 ^
/Users/fath25/Documents/Polyscale/MBTesting/main/MBTesting.c:37:17: note: (near initialization for 'lcd_init_cmds[0]')
/Users/fath25/Documents/Polyscale/MBTesting/main/MBTesting.c:37:17: warning: braces around scalar initializer
/Users/fath25/Documents/Polyscale/MBTesting/main/MBTesting.c:37:17: note: (near initialization for 'lcd_init_cmds[0]')
/Users/fath25/Documents/Polyscale/MBTesting/main/MBTesting.c:37:24: warning: excess elements in scalar initializer
   37 |                 {0x01, {0}, 0},
      |                        ^
/Users/fath25/Documents/Polyscale/MBTesting/main/MBTesting.c:37:24: note: (near initialization for 'lcd_init_cmds[0]')
/Users/fath25/Documents/Polyscale/MBTesting/main/MBTesting.c:37:29: warning: excess elements in scalar initializer
   37 |                 {0x01, {0}, 0},
      |                             ^
/Users/fath25/Documents/Polyscale/MBTesting/main/MBTesting.c:37:29: note: (near initialization for 'lcd_init_cmds[0]')
/Users/fath25/Documents/Polyscale/MBTesting/main/MBTesting.c:38:17: warning: braces around scalar initializer
   38 |                 {0x11, {0}, 0},
      |                 ^
/Users/fath25/Documents/Polyscale/MBTesting/main/MBTesting.c:38:17: note: (near initialization for 'lcd_init_cmds[1]')
/Users/fath25/Documents/Polyscale/MBTesting/main/MBTesting.c:38:17: warning: braces around scalar initializer
/Users/fath25/Documents/Polyscale/MBTesting/main/MBTesting.c:38:17: note: (near initialization for 'lcd_init_cmds[1]')
/Users/fath25/Documents/Polyscale/MBTesting/main/MBTesting.c:38:24: warning: excess elements in scalar initializer
   38 |                 {0x11, {0}, 0},
      |                        ^
/Users/fath25/Documents/Polyscale/MBTesting/main/MBTesting.c:38:24: note: (near initialization for 'lcd_init_cmds[1]')
/Users/fath25/Documents/Polyscale/MBTesting/main/MBTesting.c:38:29: warning: excess elements in scalar initializer
   38 |                 {0x11, {0}, 0},
      |                             ^
/Users/fath25/Documents/Polyscale/MBTesting/main/MBTesting.c:38:29: note: (near initialization for 'lcd_init_cmds[1]')
/Users/fath25/Documents/Polyscale/MBTesting/main/MBTesting.c:39:17: warning: braces around scalar initializer
   39 |                 {0x36, {0x00}, 1},
      |                 ^
/Users/fath25/Documents/Polyscale/MBTesting/main/MBTesting.c:39:17: note: (near initialization for 'lcd_init_cmds[2]')
/Users/fath25/Documents/Polyscale/MBTesting/main/MBTesting.c:39:17: warning: braces around scalar initializer
/Users/fath25/Documents/Polyscale/MBTesting/main/MBTesting.c:39:17: note: (near initialization for 'lcd_init_cmds[2]')
/Users/fath25/Documents/Polyscale/MBTesting/main/MBTesting.c:39:24: warning: excess elements in scalar initializer
   39 |                 {0x36, {0x00}, 1},
      |                        ^
/Users/fath25/Documents/Polyscale/MBTesting/main/MBTesting.c:39:24: note: (near initialization for 'lcd_init_cmds[2]')
/Users/fath25/Documents/Polyscale/MBTesting/main/MBTesting.c:39:32: warning: excess elements in scalar initializer
   39 |                 {0x36, {0x00}, 1},
      |                                ^
/Users/fath25/Documents/Polyscale/MBTesting/main/MBTesting.c:39:32: note: (near initialization for 'lcd_init_cmds[2]')
/Users/fath25/Documents/Polyscale/MBTesting/main/MBTesting.c:40:17: warning: braces around scalar initializer
   40 |                 {0x3A, {0x05}, 1},
      |                 ^
/Users/fath25/Documents/Polyscale/MBTesting/main/MBTesting.c:40:17: note: (near initialization for 'lcd_init_cmds[3]')
/Users/fath25/Documents/Polyscale/MBTesting/main/MBTesting.c:40:17: warning: braces around scalar initializer
/Users/fath25/Documents/Polyscale/MBTesting/main/MBTesting.c:40:17: note: (near initialization for 'lcd_init_cmds[3]')
/Users/fath25/Documents/Polyscale/MBTesting/main/MBTesting.c:40:24: warning: excess elements in scalar initializer
   40 |                 {0x3A, {0x05}, 1},
      |                        ^
/Users/fath25/Documents/Polyscale/MBTesting/main/MBTesting.c:40:24: note: (near initialization for 'lcd_init_cmds[3]')
/Users/fath25/Documents/Polyscale/MBTesting/main/MBTesting.c:40:32: warning: excess elements in scalar initializer
   40 |                 {0x3A, {0x05}, 1},
      |                                ^
/Users/fath25/Documents/Polyscale/MBTesting/main/MBTesting.c:40:32: note: (near initialization for 'lcd_init_cmds[3]')
/Users/fath25/Documents/Polyscale/MBTesting/main/MBTesting.c:41:17: warning: braces around scalar initializer
   41 |                 {0x13, {0}, 1},
      |                 ^
/Users/fath25/Documents/Polyscale/MBTesting/main/MBTesting.c:41:17: note: (near initialization for 'lcd_init_cmds[4]')
/Users/fath25/Documents/Polyscale/MBTesting/main/MBTesting.c:41:17: warning: braces around scalar initializer
/Users/fath25/Documents/Polyscale/MBTesting/main/MBTesting.c:41:17: note: (near initialization for 'lcd_init_cmds[4]')
/Users/fath25/Documents/Polyscale/MBTesting/main/MBTesting.c:41:24: warning: excess elements in scalar initializer
   41 |                 {0x13, {0}, 1},
      |                        ^
/Users/fath25/Documents/Polyscale/MBTesting/main/MBTesting.c:41:24: note: (near initialization for 'lcd_init_cmds[4]')
/Users/fath25/Documents/Polyscale/MBTesting/main/MBTesting.c:41:29: warning: excess elements in scalar initializer
   41 |                 {0x13, {0}, 1},
      |                             ^
/Users/fath25/Documents/Polyscale/MBTesting/main/MBTesting.c:41:29: note: (near initialization for 'lcd_init_cmds[4]')
/Users/fath25/Documents/Polyscale/MBTesting/main/MBTesting.c:42:17: warning: braces around scalar initializer
   42 |                 {0x29, {0}, 1},
      |                 ^
/Users/fath25/Documents/Polyscale/MBTesting/main/MBTesting.c:42:17: note: (near initialization for 'lcd_init_cmds[5]')
/Users/fath25/Documents/Polyscale/MBTesting/main/MBTesting.c:42:17: warning: braces around scalar initializer
/Users/fath25/Documents/Polyscale/MBTesting/main/MBTesting.c:42:17: note: (near initialization for 'lcd_init_cmds[5]')
/Users/fath25/Documents/Polyscale/MBTesting/main/MBTesting.c:42:24: warning: excess elements in scalar initializer
   42 |                 {0x29, {0}, 1},
      |                        ^
/Users/fath25/Documents/Polyscale/MBTesting/main/MBTesting.c:42:24: note: (near initialization for 'lcd_init_cmds[5]')
/Users/fath25/Documents/Polyscale/MBTesting/main/MBTesting.c:42:29: warning: excess elements in scalar initializer
   42 |                 {0x29, {0}, 1},
      |                             ^
/Users/fath25/Documents/Polyscale/MBTesting/main/MBTesting.c:42:29: note: (near initialization for 'lcd_init_cmds[5]')
/Users/fath25/Documents/Polyscale/MBTesting/main/MBTesting.c:43:17: warning: braces around scalar initializer
   43 |                 {0, {0}, 0xff}
      |                 ^
/Users/fath25/Documents/Polyscale/MBTesting/main/MBTesting.c:43:17: note: (near initialization for 'lcd_init_cmds[6]')
/Users/fath25/Documents/Polyscale/MBTesting/main/MBTesting.c:43:17: warning: braces around scalar initializer
/Users/fath25/Documents/Polyscale/MBTesting/main/MBTesting.c:43:17: note: (near initialization for 'lcd_init_cmds[6]')
/Users/fath25/Documents/Polyscale/MBTesting/main/MBTesting.c:43:21: warning: excess elements in scalar initializer
   43 |                 {0, {0}, 0xff}
      |                     ^
/Users/fath25/Documents/Polyscale/MBTesting/main/MBTesting.c:43:21: note: (near initialization for 'lcd_init_cmds[6]')
/Users/fath25/Documents/Polyscale/MBTesting/main/MBTesting.c:43:26: warning: excess elements in scalar initializer
   43 |                 {0, {0}, 0xff}
      |                          ^~~~
/Users/fath25/Documents/Polyscale/MBTesting/main/MBTesting.c:43:26: note: (near initialization for 'lcd_init_cmds[6]')
/Users/fath25/Documents/Polyscale/MBTesting/main/MBTesting.c: In function 'lcd_Init':
/Users/fath25/Documents/Polyscale/MBTesting/main/MBTesting.c:104:34: error: request for member 'databytes' in something not a structure or union
  104 |         while (lcd_init_cmds[cmd].databytes!=0xff) {    //if .databyte = 0xff, end lcd_Init
      |                                  ^
/Users/fath25/Documents/Polyscale/MBTesting/main/MBTesting.c:105:57: error: request for member 'cmd' in something not a structure or union
  105 |                         send_cmd(spi, lcd_init_cmds[cmd].cmd);  //Send command first
      |                                                         ^
/Users/fath25/Documents/Polyscale/MBTesting/main/MBTesting.c:107:39: error: request for member 'databytes' in something not a structure or union
  107 |                 if (lcd_init_cmds[cmd].databytes == 0) { //Command without parameter
      |                                       ^
/Users/fath25/Documents/Polyscale/MBTesting/main/MBTesting.c:108:42: error: 'portTICK_RATE_MS' undeclared (first use in this function); did you mean 'portTICK_PERIOD_MS'?
  108 |                         vTaskDelay(100 / portTICK_RATE_MS);}
      |                                          ^~~~~~~~~~~~~~~~
      |                                          portTICK_PERIOD_MS
/Users/fath25/Documents/Polyscale/MBTesting/main/MBTesting.c:108:42: note: each undeclared identifier is reported only once for each function it appears in
/Users/fath25/Documents/Polyscale/MBTesting/main/MBTesting.c:110:50: error: request for member 'data' in something not a structure or union
  110 |                 send_data(spi, lcd_init_cmds[cmd].data, lcd_init_cmds[cmd].databytes); //Send parameter
      |                                                  ^
/Users/fath25/Documents/Polyscale/MBTesting/main/MBTesting.c:110:75: error: request for member 'databytes' in something not a structure or union
  110 |                 send_data(spi, lcd_init_cmds[cmd].data, lcd_init_cmds[cmd].databytes); //Send parameter
      |                                                                           ^
[2/9] Performing build step for 'bootloader'
[1/1] cd /Users/fath25/Documents/Polyscale/MBTesting/build/bootloader/esp-idf/esptool_py && /Users/fath25/.espressif/python_env/idf5.0_py3.10_env/bin/python /Users/fath25/esp/esp-idf/components/partition_table/check_sizes.py --offset 0x8000 bootloader 0x0 /Users/fath25/Documents/Polyscale/MBTesting/build/bootloader/bootloader.bin
Bootloader binary size 0x4e60 bytes. 0x31a0 bytes (39%) free.
ninja: build stopped: subcommand failed.
